Using pre-set license
Built from '2021.1/staging' branch; Version is '2021.1.21f1 (f2d5d3c59f8c) revision 15914451'; Using compiler version '192528614'; Build Type 'Release'
OS: 'Windows 10 Home Single Language; OS build 19043.1348; Version 2009; 64bit' Language: 'en' Physical Memory: 16298 MB
BatchMode: 1, IsHumanControllingUs: 0, StartBugReporterOnCrash: 0, Is64bit: 1, IsPro: 0

COMMAND LINE ARGUMENTS:
C:\Program Files\Unity\Hub\Editor\2021.1.21f1\Editor\Unity.exe
-adb2
-batchMode
-noUpm
-name
AssetImportWorker0
-projectPath
C:/Users/DELL/Desktop/UnityEngine/MoonlanderHamza
-logFile
Logs/AssetImportWorker0.log
-srvPort
54288
Successfully changed project path to: C:/Users/DELL/Desktop/UnityEngine/MoonlanderHamza
C:/Users/DELL/Desktop/UnityEngine/MoonlanderHamza
Using Asset Import Pipeline V2.
Refreshing native plugins compatible for Editor in 265.42 ms, found 4 plugins.
Preloading 0 native plugins for Editor in 0.00 ms.
Initialize engine version: 2021.1.21f1 (f2d5d3c59f8c)
[Subsystems] Discovering subsystems at path C:/Program Files/Unity/Hub/Editor/2021.1.21f1/Editor/Data/Resources/UnitySubsystems
[Subsystems] Discovering subsystems at path C:/Users/DELL/Desktop/UnityEngine/MoonlanderHamza/Assets
GfxDevice: creating device client; threaded=0; jobified=0
Direct3D:
    Version:  Direct3D 11.0 [level 11.1]
    Renderer: AMD Radeon R7 M265 Series (ID=0x6604)
    Vendor:   ATI
    VRAM:     4076 MB
    Driver:   27.20.1034.6
Initialize mono
Mono path[0] = 'C:/Program Files/Unity/Hub/Editor/2021.1.21f1/Editor/Data/Managed'
Mono path[1] = 'C:/Program Files/Unity/Hub/Editor/2021.1.21f1/Editor/Data/MonoBleedingEdge/lib/mono/unityjit'
Mono config path = 'C:/Program Files/Unity/Hub/Editor/2021.1.21f1/Editor/Data/MonoBleedingEdge/etc'
Using monoOptions --debugger-agent=transport=dt_socket,embedding=1,server=y,suspend=n,address=127.0.0.1:56476
Begin MonoManager ReloadAssembly
Registering precompiled unity dll's ...
Register platform support module: C:/Program Files/Unity/Hub/Editor/2021.1.21f1/Editor/Data/PlaybackEngines/WindowsStandaloneSupport/UnityEditor.WindowsStandalone.Extensions.dll
Registered in 0.006594 seconds.
Native extension for WindowsStandalone target not found
Refreshing native plugins compatible for Editor in 275.97 ms, found 4 plugins.
Preloading 0 native plugins for Editor in 0.00 ms.
Mono: successfully reloaded assembly
- Completed reload, in  4.693 seconds
Domain Reload Profiling:
	ReloadAssembly (4693ms)
		BeginReloadAssembly (154ms)
			ExecutionOrderSort (0ms)
			DisableScriptedObjects (0ms)
			BackupInstance (0ms)
			ReleaseScriptingObjects (0ms)
			CreateAndSetChildDomain (1ms)
		EndReloadAssembly (1201ms)
			LoadAssemblies (152ms)
			RebuildTransferFunctionScriptingTraits (1ms)
			SetupTypeCache (446ms)
			ReleaseScriptCaches (0ms)
			RebuildScriptCaches (62ms)
			SetupLoadedEditorAssemblies (559ms)
				LogAssemblyErrors (0ms)
				InitializePlatformSupportModulesInManaged (14ms)
				SetLoadedEditorAssemblies (0ms)
				RefreshPlugins (276ms)
				BeforeProcessingInitializeOnLoad (3ms)
				ProcessInitializeOnLoadAttributes (200ms)
				ProcessInitializeOnLoadMethodAttributes (65ms)
				AfterProcessingInitializeOnLoad (0ms)
				EditorAssembliesLoaded (0ms)
			ExecutionOrderSort2 (0ms)
			AwakeInstancesAfterBackupRestoration (0ms)
Platform modules already initialized, skipping
Registering precompiled user dll's ...
Registered in 0.013898 seconds.
Begin MonoManager ReloadAssembly
Symbol file LoadedFromMemory doesn't match image C:\Users\DELL\Desktop\UnityEngine\MoonlanderHamza\Library\PackageCache\com.unity.visualscripting@1.6.1\Editor\VisualScripting.Core\Dependencies\YamlDotNet\Unity.VisualScripting.YamlDotNet.dll
Symbol file LoadedFromMemory doesn't match image C:\Users\DELL\Desktop\UnityEngine\MoonlanderHamza\Library\PackageCache\com.unity.visualscripting@1.6.1\Editor\VisualScripting.Core\Dependencies\DotNetZip\Unity.VisualScripting.IonicZip.dll
Native extension for WindowsStandalone target not found
Refreshing native plugins compatible for Editor in 209.94 ms, found 4 plugins.
Preloading 0 native plugins for Editor in 0.00 ms.
Mono: successfully reloaded assembly
- Completed reload, in  2.903 seconds
Domain Reload Profiling:
	ReloadAssembly (2904ms)
		BeginReloadAssembly (371ms)
			ExecutionOrderSort (0ms)
			DisableScriptedObjects (9ms)
			BackupInstance (0ms)
			ReleaseScriptingObjects (0ms)
			CreateAndSetChildDomain (53ms)
		EndReloadAssembly (2396ms)
			LoadAssemblies (235ms)
			RebuildTransferFunctionScriptingTraits (0ms)
			SetupTypeCache (732ms)
			ReleaseScriptCaches (1ms)
			RebuildScriptCaches (137ms)
			SetupLoadedEditorAssemblies (1100ms)
				LogAssemblyErrors (0ms)
				InitializePlatformSupportModulesInManaged (8ms)
				SetLoadedEditorAssemblies (0ms)
				RefreshPlugins (210ms)
				BeforeProcessingInitializeOnLoad (216ms)
				ProcessInitializeOnLoadAttributes (615ms)
				ProcessInitializeOnLoadMethodAttributes (30ms)
				AfterProcessingInitializeOnLoad (20ms)
				EditorAssembliesLoaded (0ms)
			ExecutionOrderSort2 (0ms)
			AwakeInstancesAfterBackupRestoration (15ms)
Platform modules already initialized, skipping
========================================================================
Worker process is ready to serve import requests
Launched and connected shader compiler UnityShaderCompiler.exe after 0.09 seconds
Refreshing native plugins compatible for Editor in 1.24 ms, found 4 plugins.
Preloading 0 native plugins for Editor in 0.00 ms.
Unloading 3832 Unused Serialized files (Serialized files now loaded: 0)
System memory in use before: 142.0 MB.
System memory in use after: 142.2 MB.

Unloading 31 unused Assets to reduce memory usage. Loaded Objects now: 4281.
Total: 7.276500 ms (FindLiveObjects: 0.610500 ms CreateObjectMapping: 0.424700 ms MarkObjects: 6.149600 ms  DeleteObjects: 0.089400 ms)

AssetImportParameters requested are different than current active one (requested -> active):
  custom:framework-win-MediaFoundation: 216162199b28c13a410421893ffa2e32 -> 
  custom:video-decoder-ogg-theora: a1e56fd34408186e4bbccfd4996cb3dc -> 
  custom:container-muxer-webm: aa71ff27fc2769a1b78a27578f13a17b -> 
  custom:container-demuxer-webm: 4f35f7cbe854078d1ac9338744f61a02 -> 
  custom:container-demuxer-ogg: 62fdf1f143b41e24485cea50d1cbac27 -> 
  custom:video-encoder-webm-vp8: eb34c28f22e8b96e1ab97ce403110664 -> 
  custom:video-decoder-webm-vp8: 9c59270c3fd7afecdb556c50c9e8de78 -> 
  custom:audio-decoder-ogg-vorbis: bf7c407c2cedff20999df2af8eb42d56 -> 
  custom:audio-encoder-webm-vorbis: bf7c407c2cedff20999df2af8eb42d56 -> 
========================================================================
Received Import Request.
  path: Assets/Resources/Palettes/Tiles/CaveTiles/MicrosoftTeams-image (1)_54.asset
  artifactKey: Guid(1aefe322e131aeb448043c9cf012d406) Importer(815301076,1909f56bfc062723c751e8b465ee728b)
Start importing Assets/Resources/Palettes/Tiles/CaveTiles/MicrosoftTeams-image (1)_54.asset using Guid(1aefe322e131aeb448043c9cf012d406) Importer(815301076,1909f56bfc062723c751e8b465ee728b)  -> (artifact id: '99d53b2a043b7a11ec8566426f5fe670') in 0.187076 seconds 
========================================================================
Received Import Request.
  Time since last request: 0.000625 seconds.
  path: Assets/Resources/Palettes/Tiles/CaveTiles/MicrosoftTeams-image (1)_38.asset
  artifactKey: Guid(827ee8c2e4b510c4da736823c470ad78) Importer(815301076,1909f56bfc062723c751e8b465ee728b)
Start importing Assets/Resources/Palettes/Tiles/CaveTiles/MicrosoftTeams-image (1)_38.asset using Guid(827ee8c2e4b510c4da736823c470ad78) Importer(815301076,1909f56bfc062723c751e8b465ee728b)  -> (artifact id: '8ed030217993d276c1b8ded17fd67e64') in 0.029402 seconds 
========================================================================
Received Import Request.
  Time since last request: 0.000540 seconds.
  path: Assets/Resources/Palettes/Tiles/CaveTiles/MicrosoftTeams-image (1)_57.asset
  artifactKey: Guid(229e9f3316d4ff941ba17ea97615a2a6) Importer(815301076,1909f56bfc062723c751e8b465ee728b)
Start importing Assets/Resources/Palettes/Tiles/CaveTiles/MicrosoftTeams-image (1)_57.asset using Guid(229e9f3316d4ff941ba17ea97615a2a6) Importer(815301076,1909f56bfc062723c751e8b465ee728b)  -> (artifact id: '2b2cf51999828a587d2bf36457d6a972') in 0.022649 seconds 
========================================================================
Received Import Request.
  Time since last request: 0.000540 seconds.
  path: Assets/Resources/Palettes/Tiles/CaveTiles/MicrosoftTeams-image (1)_53.asset
  artifactKey: Guid(a55fa5c111868a64c9b3089891d228cb) Importer(815301076,1909f56bfc062723c751e8b465ee728b)
Start importing Assets/Resources/Palettes/Tiles/CaveTiles/MicrosoftTeams-image (1)_53.asset using Guid(a55fa5c111868a64c9b3089891d228cb) Importer(815301076,1909f56bfc062723c751e8b465ee728b)  -> (artifact id: '3223a95bfa575fa01668868c4128084c') in 0.022516 seconds 
========================================================================
Received Import Request.
  Time since last request: 0.000504 seconds.
  path: Assets/Resources/Palettes/Tiles/CaveTiles/MicrosoftTeams-image (1)_44.asset
  artifactKey: Guid(4cbde90e2c6b3c7409944b6242aafdd2) Importer(815301076,1909f56bfc062723c751e8b465ee728b)
Start importing Assets/Resources/Palettes/Tiles/CaveTiles/MicrosoftTeams-image (1)_44.asset using Guid(4cbde90e2c6b3c7409944b6242aafdd2) Importer(815301076,1909f56bfc062723c751e8b465ee728b)  -> (artifact id: '2d504e504282a0150206f245c49c3d1d') in 0.036103 seconds 
========================================================================
Received Import Request.
  Time since last request: 0.000766 seconds.
  path: Assets/Resources/Palettes/Tiles/CaveTiles/MicrosoftTeams-image (1)_39.asset
  artifactKey: Guid(d641985c6c3cfdd4fa184277e30f2dd4) Importer(815301076,1909f56bfc062723c751e8b465ee728b)
Start importing Assets/Resources/Palettes/Tiles/CaveTiles/MicrosoftTeams-image (1)_39.asset using Guid(d641985c6c3cfdd4fa184277e30f2dd4) Importer(815301076,1909f56bfc062723c751e8b465ee728b)  -> (artifact id: '9cd41886cfc03ec946b8b9d152cf9d3b') in 0.038891 seconds 
========================================================================
Received Import Request.
  Time since last request: 0.000745 seconds.
  path: Assets/Resources/Palettes/Tiles/CaveTiles/MicrosoftTeams-image (1)_42.asset
  artifactKey: Guid(a7803b313692c9545adb61b779b64ab2) Importer(815301076,1909f56bfc062723c751e8b465ee728b)
Start importing Assets/Resources/Palettes/Tiles/CaveTiles/MicrosoftTeams-image (1)_42.asset using Guid(a7803b313692c9545adb61b779b64ab2) Importer(815301076,1909f56bfc062723c751e8b465ee728b)  -> (artifact id: '2f8ab688ca3f584504e72c752d920daf') in 0.035546 seconds 
========================================================================
Received Import Request.
  Time since last request: 0.000574 seconds.
  path: Assets/Resources/Palettes/Tiles/CaveTiles/MicrosoftTeams-image (1)_63.asset
  artifactKey: Guid(0836a8c4484c068449b7c9bd8a9126c9) Importer(815301076,1909f56bfc062723c751e8b465ee728b)
Start importing Assets/Resources/Palettes/Tiles/CaveTiles/MicrosoftTeams-image (1)_63.asset using Guid(0836a8c4484c068449b7c9bd8a9126c9) Importer(815301076,1909f56bfc062723c751e8b465ee728b)  -> (artifact id: '6b66c36c2d6107c051b30a693b64198b') in 0.022720 seconds 
========================================================================
Received Import Request.
  Time since last request: 0.000509 seconds.
  path: Assets/Resources/Palettes/Tiles/CaveTiles/MicrosoftTeams-image (1)_65.asset
  artifactKey: Guid(fe00501bf49cdf944a6fc319679250c6) Importer(815301076,1909f56bfc062723c751e8b465ee728b)
Start importing Assets/Resources/Palettes/Tiles/CaveTiles/MicrosoftTeams-image (1)_65.asset using Guid(fe00501bf49cdf944a6fc319679250c6) Importer(815301076,1909f56bfc062723c751e8b465ee728b)  -> (artifact id: '3d4c32b4a6a915b0d5611e4525c6338a') in 0.023118 seconds 
========================================================================
Received Import Request.
  Time since last request: 0.000496 seconds.
  path: Assets/Resources/Palettes/Tiles/CaveTiles/MicrosoftTeams-image (1)_64.asset
  artifactKey: Guid(17fde9e57236c29488ff6bf9049373e8) Importer(815301076,1909f56bfc062723c751e8b465ee728b)
Start importing Assets/Resources/Palettes/Tiles/CaveTiles/MicrosoftTeams-image (1)_64.asset using Guid(17fde9e57236c29488ff6bf9049373e8) Importer(815301076,1909f56bfc062723c751e8b465ee728b)  -> (artifact id: 'b1c27ee74a9d29730959e640e8cca752') in 0.022201 seconds 
========================================================================
Received Import Request.
  Time since last request: 0.000619 seconds.
  path: Assets/Resources/Palettes/Tiles/CaveTiles/MicrosoftTeams-image (1)_47.asset
  artifactKey: Guid(1928219b35c4c5440bfb7ab9c86f42a5) Importer(815301076,1909f56bfc062723c751e8b465ee728b)
Start importing Assets/Resources/Palettes/Tiles/CaveTiles/MicrosoftTeams-image (1)_47.asset using Guid(1928219b35c4c5440bfb7ab9c86f42a5) Importer(815301076,1909f56bfc062723c751e8b465ee728b)  -> (artifact id: 'b8b352bfd498c66e30fb7126647f06e0') in 0.035228 seconds 
========================================================================
Received Import Request.
  Time since last request: 0.000905 seconds.
  path: Assets/Resources/Palettes/Tiles/CaveTiles/MicrosoftTeams-image (1)_49.asset
  artifactKey: Guid(72d2829f543a6e54bb5859d472a27a65) Importer(815301076,1909f56bfc062723c751e8b465ee728b)
Start importing Assets/Resources/Palettes/Tiles/CaveTiles/MicrosoftTeams-image (1)_49.asset using Guid(72d2829f543a6e54bb5859d472a27a65) Importer(815301076,1909f56bfc062723c751e8b465ee728b)  -> (artifact id: 'e13183c26565afbbb9633da591eb35e0') in 0.023711 seconds 
========================================================================
Received Import Request.
  Time since last request: 0.000492 seconds.
  path: Assets/Resources/Palettes/Tiles/CaveTiles/MicrosoftTeams-image (1)_61.asset
  artifactKey: Guid(9254ddbf2d686b44c823ea85e6abc20e) Importer(815301076,1909f56bfc062723c751e8b465ee728b)
Start importing Assets/Resources/Palettes/Tiles/CaveTiles/MicrosoftTeams-image (1)_61.asset using Guid(9254ddbf2d686b44c823ea85e6abc20e) Importer(815301076,1909f56bfc062723c751e8b465ee728b)  -> (artifact id: '00bd45471c0e7e0e8c06c7741ce0eea0') in 0.023047 seconds 
========================================================================
Received Import Request.
  Time since last request: 0.000493 seconds.
  path: Assets/Resources/Palettes/Tiles/CaveTiles/MicrosoftTeams-image (1)_59.asset
  artifactKey: Guid(3ddebc7ec0cc7b54aa86f55d16042429) Importer(815301076,1909f56bfc062723c751e8b465ee728b)
Start importing Assets/Resources/Palettes/Tiles/CaveTiles/MicrosoftTeams-image (1)_59.asset using Guid(3ddebc7ec0cc7b54aa86f55d16042429) Importer(815301076,1909f56bfc062723c751e8b465ee728b)  -> (artifact id: '9dbb0b99306c59f8ad9605dbac9cd866') in 0.025048 seconds 
========================================================================
Received Import Request.
  Time since last request: 0.000484 seconds.
  path: Assets/Resources/Palettes/Tiles/CaveTiles/MicrosoftTeams-image (1)_58.asset
  artifactKey: Guid(bc1e8e81da0443a42b87ef013adfe03c) Importer(815301076,1909f56bfc062723c751e8b465ee728b)
Start importing Assets/Resources/Palettes/Tiles/CaveTiles/MicrosoftTeams-image (1)_58.asset using Guid(bc1e8e81da0443a42b87ef013adfe03c) Importer(815301076,1909f56bfc062723c751e8b465ee728b)  -> (artifact id: '67d49131b765249ec10242cc33027742') in 0.079716 seconds 
========================================================================
Received Import Request.
  Time since last request: 0.000521 seconds.
  path: Assets/Resources/Palettes/Tiles/CaveTiles/MicrosoftTeams-image (1)_45.asset
  artifactKey: Guid(f36665046da85d24e9988063b4602ca9) Importer(815301076,1909f56bfc062723c751e8b465ee728b)
Start importing Assets/Resources/Palettes/Tiles/CaveTiles/MicrosoftTeams-image (1)_45.asset using Guid(f36665046da85d24e9988063b4602ca9) Importer(815301076,1909f56bfc062723c751e8b465ee728b)  -> (artifact id: 'b5c4171275585b1ccbad32bcc6cdbb90') in 0.043576 seconds 
========================================================================
Received Import Request.
  Time since last request: 0.001018 seconds.
  path: Assets/Resources/Palettes/Tiles/CaveTiles/MicrosoftTeams-image (1)_67.asset
  artifactKey: Guid(b7dbb3f474863a447b1f052be49328fb) Importer(815301076,1909f56bfc062723c751e8b465ee728b)
Start importing Assets/Resources/Palettes/Tiles/CaveTiles/MicrosoftTeams-image (1)_67.asset using Guid(b7dbb3f474863a447b1f052be49328fb) Importer(815301076,1909f56bfc062723c751e8b465ee728b)  -> (artifact id: '3e7c470eee8de6ebba00c53cbf017a76') in 0.036645 seconds 
========================================================================
Received Import Request.
  Time since last request: 0.000568 seconds.
  path: Assets/Resources/Palettes/Tiles/CaveTiles/MicrosoftTeams-image (1)_41.asset
  artifactKey: Guid(7dee1b345834719499653ca4511105cb) Importer(815301076,1909f56bfc062723c751e8b465ee728b)
Start importing Assets/Resources/Palettes/Tiles/CaveTiles/MicrosoftTeams-image (1)_41.asset using Guid(7dee1b345834719499653ca4511105cb) Importer(815301076,1909f56bfc062723c751e8b465ee728b)  -> (artifact id: 'a260b8c2fac6207e668daf69d591327e') in 0.033200 seconds 
========================================================================
Received Import Request.
  Time since last request: 0.000506 seconds.
  path: Assets/Resources/Palettes/Tiles/CaveTiles/MicrosoftTeams-image (1)_40.asset
  artifactKey: Guid(8095a206e5e3d1e42aa6e81d2c3cd072) Importer(815301076,1909f56bfc062723c751e8b465ee728b)
Start importing Assets/Resources/Palettes/Tiles/CaveTiles/MicrosoftTeams-image (1)_40.asset using Guid(8095a206e5e3d1e42aa6e81d2c3cd072) Importer(815301076,1909f56bfc062723c751e8b465ee728b)  -> (artifact id: '361d954d2e366aac14dfc7119a47bc6f') in 0.035534 seconds 
========================================================================
Received Import Request.
  Time since last request: 0.000173 seconds.
  path: Assets/Resources/Palettes/Tiles/CaveTiles/MicrosoftTeams-image (1)_52.asset
  artifactKey: Guid(02f0eec4b9fb1e64c8a6b734ea3bad47) Importer(815301076,1909f56bfc062723c751e8b465ee728b)
Start importing Assets/Resources/Palettes/Tiles/CaveTiles/MicrosoftTeams-image (1)_52.asset using Guid(02f0eec4b9fb1e64c8a6b734ea3bad47) Importer(815301076,1909f56bfc062723c751e8b465ee728b)  -> (artifact id: 'aec369ba07f4db827f07e18338a09430') in 0.091016 seconds 
========================================================================
Received Import Request.
  Time since last request: 0.000986 seconds.
  path: Assets/Resources/Palettes/Tiles/CaveTiles/MicrosoftTeams-image (1)_66.asset
  artifactKey: Guid(1930bc82c70d6c54495aed751d3a1be2) Importer(815301076,1909f56bfc062723c751e8b465ee728b)
Start importing Assets/Resources/Palettes/Tiles/CaveTiles/MicrosoftTeams-image (1)_66.asset using Guid(1930bc82c70d6c54495aed751d3a1be2) Importer(815301076,1909f56bfc062723c751e8b465ee728b)  -> (artifact id: '8b33df0825f0e0d22e35d904460cf43b') in 0.311750 seconds 
========================================================================
Received Import Request.
  Time since last request: 0.006418 seconds.
  path: Assets/Resources/Palettes/Tiles/CaveTiles/MicrosoftTeams-image (1)_60.asset
  artifactKey: Guid(4b71e79562061fb4382c5aedf296f40f) Importer(815301076,1909f56bfc062723c751e8b465ee728b)
Start importing Assets/Resources/Palettes/Tiles/CaveTiles/MicrosoftTeams-image (1)_60.asset using Guid(4b71e79562061fb4382c5aedf296f40f) Importer(815301076,1909f56bfc062723c751e8b465ee728b)  -> (artifact id: 'ec46ec0fce9e10c7c3023265ec718d74') in 0.094228 seconds 
========================================================================
Received Import Request.
  Time since last request: 0.001866 seconds.
  path: Assets/Resources/Palettes/Tiles/CaveTiles/MicrosoftTeams-image (1)_68.asset
  artifactKey: Guid(49d07825d3e876a4f826a1b40d008de9) Importer(815301076,1909f56bfc062723c751e8b465ee728b)
Start importing Assets/Resources/Palettes/Tiles/CaveTiles/MicrosoftTeams-image (1)_68.asset using Guid(49d07825d3e876a4f826a1b40d008de9) Importer(815301076,1909f56bfc062723c751e8b465ee728b)  -> (artifact id: '9f805d301268dbfeeb1be534241558f0') in 0.036032 seconds 
========================================================================
Received Import Request.
  Time since last request: 0.000552 seconds.
  path: Assets/Resources/Palettes/Tiles/CaveTiles/MicrosoftTeams-image (1)_43.asset
  artifactKey: Guid(cce0b70f20dcf6246ae4aa80546bf34c) Importer(815301076,1909f56bfc062723c751e8b465ee728b)
Start importing Assets/Resources/Palettes/Tiles/CaveTiles/MicrosoftTeams-image (1)_43.asset using Guid(cce0b70f20dcf6246ae4aa80546bf34c) Importer(815301076,1909f56bfc062723c751e8b465ee728b)  -> (artifact id: '3d9c2cdff8e6f4666b64af4144d035d1') in 0.027672 seconds 
========================================================================
Received Import Request.
  Time since last request: 0.000482 seconds.
  path: Assets/Resources/Palettes/Tiles/CaveTiles/MicrosoftTeams-image (1)_62.asset
  artifactKey: Guid(25947a6cff596884a8943736e6c13a83) Importer(815301076,1909f56bfc062723c751e8b465ee728b)
Start importing Assets/Resources/Palettes/Tiles/CaveTiles/MicrosoftTeams-image (1)_62.asset using Guid(25947a6cff596884a8943736e6c13a83) Importer(815301076,1909f56bfc062723c751e8b465ee728b)  -> (artifact id: 'e39618075e85dd77e94f446e91849564') in 0.021091 seconds 
========================================================================
Received Import Request.
  Time since last request: 0.000474 seconds.
  path: Assets/Resources/Palettes/Tiles/CaveTiles/MicrosoftTeams-image (1)_48.asset
  artifactKey: Guid(37ba4254047f21948b63687b28ff423a) Importer(815301076,1909f56bfc062723c751e8b465ee728b)
Start importing Assets/Resources/Palettes/Tiles/CaveTiles/MicrosoftTeams-image (1)_48.asset using Guid(37ba4254047f21948b63687b28ff423a) Importer(815301076,1909f56bfc062723c751e8b465ee728b)  -> (artifact id: '3de05d62cb51a0b56918ad00237933b6') in 0.020155 seconds 
========================================================================
Received Import Request.
  Time since last request: 0.000472 seconds.
  path: Assets/Resources/Palettes/Tiles/CaveTiles/MicrosoftTeams-image (1)_55.asset
  artifactKey: Guid(06dad13b665a8ee40882ae50eba4d028) Importer(815301076,1909f56bfc062723c751e8b465ee728b)
Start importing Assets/Resources/Palettes/Tiles/CaveTiles/MicrosoftTeams-image (1)_55.asset using Guid(06dad13b665a8ee40882ae50eba4d028) Importer(815301076,1909f56bfc062723c751e8b465ee728b)  -> (artifact id: 'a040d533d1cc97dfbb286292a9df1e81') in 0.023227 seconds 
========================================================================
Received Import Request.
  Time since last request: 0.000558 seconds.
  path: Assets/Resources/Palettes/Tiles/CaveTiles/MicrosoftTeams-image (1)_50.asset
  artifactKey: Guid(b88784137c1af3e41aea0d5c6162987b) Importer(815301076,1909f56bfc062723c751e8b465ee728b)
Start importing Assets/Resources/Palettes/Tiles/CaveTiles/MicrosoftTeams-image (1)_50.asset using Guid(b88784137c1af3e41aea0d5c6162987b) Importer(815301076,1909f56bfc062723c751e8b465ee728b)  -> (artifact id: 'df2467f13e7edcd6a1439fdf8c0ea7d3') in 0.032148 seconds 
========================================================================
Received Import Request.
  Time since last request: 0.000594 seconds.
  path: Assets/Resources/Palettes/Tiles/CaveTiles/MicrosoftTeams-image (1)_46.asset
  artifactKey: Guid(1b2fcac9e89543d4e97c89e4420b105a) Importer(815301076,1909f56bfc062723c751e8b465ee728b)
Start importing Assets/Resources/Palettes/Tiles/CaveTiles/MicrosoftTeams-image (1)_46.asset using Guid(1b2fcac9e89543d4e97c89e4420b105a) Importer(815301076,1909f56bfc062723c751e8b465ee728b)  -> (artifact id: '4121d7fde1d4813429ecd8b85a5105ae') in 0.022907 seconds 
========================================================================
Received Import Request.
  Time since last request: 0.000469 seconds.
  path: Assets/Resources/Palettes/Tiles/CaveTiles/MicrosoftTeams-image (1)_56.asset
  artifactKey: Guid(0a4f245c73a028a4d9ba4cd0b75c02c3) Importer(815301076,1909f56bfc062723c751e8b465ee728b)
Start importing Assets/Resources/Palettes/Tiles/CaveTiles/MicrosoftTeams-image (1)_56.asset using Guid(0a4f245c73a028a4d9ba4cd0b75c02c3) Importer(815301076,1909f56bfc062723c751e8b465ee728b)  -> (artifact id: 'd2e1416286e68b6e50888361e30f665a') in 0.023436 seconds 
========================================================================
Received Import Request.
  Time since last request: 0.000478 seconds.
  path: Assets/Resources/Palettes/Tiles/CaveTiles/MicrosoftTeams-image (1)_36.asset
  artifactKey: Guid(87075403b88580a46a072a9ba63f06c8) Importer(815301076,1909f56bfc062723c751e8b465ee728b)
Start importing Assets/Resources/Palettes/Tiles/CaveTiles/MicrosoftTeams-image (1)_36.asset using Guid(87075403b88580a46a072a9ba63f06c8) Importer(815301076,1909f56bfc062723c751e8b465ee728b)  -> (artifact id: '4e8619cd23f4d6a863363589b6d4b0ca') in 0.065643 seconds 
========================================================================
Received Import Request.
  Time since last request: 0.000482 seconds.
  path: Assets/Resources/Palettes/Tiles/CaveTiles/MicrosoftTeams-image (1)_37.asset
  artifactKey: Guid(65ef2657ad40b7b4a8f31ac20b2f504a) Importer(815301076,1909f56bfc062723c751e8b465ee728b)
Start importing Assets/Resources/Palettes/Tiles/CaveTiles/MicrosoftTeams-image (1)_37.asset using Guid(65ef2657ad40b7b4a8f31ac20b2f504a) Importer(815301076,1909f56bfc062723c751e8b465ee728b)  -> (artifact id: '58421d08eb50946fc9611fe4cf2aea75') in 0.022266 seconds 
========================================================================
Received Import Request.
  Time since last request: 0.000530 seconds.
  path: Assets/Resources/Palettes/Tiles/CaveTiles/MicrosoftTeams-image (1)_51.asset
  artifactKey: Guid(276681dca82c7234d876c6ff22638fd2) Importer(815301076,1909f56bfc062723c751e8b465ee728b)
Start importing Assets/Resources/Palettes/Tiles/CaveTiles/MicrosoftTeams-image (1)_51.asset using Guid(276681dca82c7234d876c6ff22638fd2) Importer(815301076,1909f56bfc062723c751e8b465ee728b)  -> (artifact id: 'bd2025117337e6c47132a3e3f41f4225') in 0.032225 seconds 
========================================================================
Received Prepare
Registering precompiled user dll's ...
Registered in 0.019380 seconds.
Begin MonoManager ReloadAssembly
Symbol file LoadedFromMemory doesn't match image C:\Users\DELL\Desktop\UnityEngine\MoonlanderHamza\Library\PackageCache\com.unity.visualscripting@1.6.1\Editor\VisualScripting.Core\Dependencies\YamlDotNet\Unity.VisualScripting.YamlDotNet.dll
Symbol file LoadedFromMemory doesn't match image C:\Users\DELL\Desktop\UnityEngine\MoonlanderHamza\Library\PackageCache\com.unity.visualscripting@1.6.1\Editor\VisualScripting.Core\Dependencies\DotNetZip\Unity.VisualScripting.IonicZip.dll
Native extension for WindowsStandalone target not found
Refreshing native plugins compatible for Editor in 2.04 ms, found 4 plugins.
Preloading 0 native plugins for Editor in 0.00 ms.
Mono: successfully reloaded assembly
- Completed reload, in  3.444 seconds
Domain Reload Profiling:
	ReloadAssembly (3445ms)
		BeginReloadAssembly (541ms)
			ExecutionOrderSort (0ms)
			DisableScriptedObjects (14ms)
			BackupInstance (0ms)
			ReleaseScriptingObjects (0ms)
			CreateAndSetChildDomain (97ms)
		EndReloadAssembly (2729ms)
			LoadAssemblies (451ms)
			RebuildTransferFunctionScriptingTraits (0ms)
			SetupTypeCache (943ms)
			ReleaseScriptCaches (4ms)
			RebuildScriptCaches (140ms)
			SetupLoadedEditorAssemblies (1092ms)
				LogAssemblyErrors (0ms)
				InitializePlatformSupportModulesInManaged (18ms)
				SetLoadedEditorAssemblies (2ms)
				RefreshPlugins (2ms)
				BeforeProcessingInitializeOnLoad (217ms)
				ProcessInitializeOnLoadAttributes (801ms)
				ProcessInitializeOnLoadMethodAttributes (29ms)
				AfterProcessingInitializeOnLoad (23ms)
				EditorAssembliesLoaded (0ms)
			ExecutionOrderSort2 (0ms)
			AwakeInstancesAfterBackupRestoration (27ms)
Platform modules already initialized, skipping
Refreshing native plugins compatible for Editor in 1.16 ms, found 4 plugins.
Preloading 0 native plugins for Editor in 0.00 ms.
Unloading 3820 Unused Serialized files (Serialized files now loaded: 0)
System memory in use before: 145.5 MB.
System memory in use after: 145.8 MB.

Unloading 19 unused Assets to reduce memory usage. Loaded Objects now: 4288.
Total: 9.657000 ms (FindLiveObjects: 0.551400 ms CreateObjectMapping: 0.382900 ms MarkObjects: 8.647000 ms  DeleteObjects: 0.072700 ms)

AssetImportParameters requested are different than current active one (requested -> active):
  custom:framework-win-MediaFoundation: 216162199b28c13a410421893ffa2e32 -> 
  custom:video-decoder-ogg-theora: a1e56fd34408186e4bbccfd4996cb3dc -> 
  custom:container-muxer-webm: aa71ff27fc2769a1b78a27578f13a17b -> 
  custom:container-demuxer-webm: 4f35f7cbe854078d1ac9338744f61a02 -> 
  custom:container-demuxer-ogg: 62fdf1f143b41e24485cea50d1cbac27 -> 
  custom:video-encoder-webm-vp8: eb34c28f22e8b96e1ab97ce403110664 -> 
  custom:video-decoder-webm-vp8: 9c59270c3fd7afecdb556c50c9e8de78 -> 
  custom:audio-decoder-ogg-vorbis: bf7c407c2cedff20999df2af8eb42d56 -> 
  custom:audio-encoder-webm-vorbis: bf7c407c2cedff20999df2af8eb42d56 -> 
========================================================================
Received Prepare
Registering precompiled user dll's ...
Registered in 0.015451 seconds.
Begin MonoManager ReloadAssembly
Symbol file LoadedFromMemory doesn't match image C:\Users\DELL\Desktop\UnityEngine\MoonlanderHamza\Library\PackageCache\com.unity.visualscripting@1.6.1\Editor\VisualScripting.Core\Dependencies\YamlDotNet\Unity.VisualScripting.YamlDotNet.dll
Symbol file LoadedFromMemory doesn't match image C:\Users\DELL\Desktop\UnityEngine\MoonlanderHamza\Library\PackageCache\com.unity.visualscripting@1.6.1\Editor\VisualScripting.Core\Dependencies\DotNetZip\Unity.VisualScripting.IonicZip.dll
Native extension for WindowsStandalone target not found
Refreshing native plugins compatible for Editor in 5.17 ms, found 4 plugins.
Preloading 0 native plugins for Editor in 0.00 ms.
Mono: successfully reloaded assembly
- Completed reload, in  5.358 seconds
Domain Reload Profiling:
	ReloadAssembly (5359ms)
		BeginReloadAssembly (422ms)
			ExecutionOrderSort (0ms)
			DisableScriptedObjects (18ms)
			BackupInstance (0ms)
			ReleaseScriptingObjects (0ms)
			CreateAndSetChildDomain (115ms)
		EndReloadAssembly (4735ms)
			LoadAssemblies (357ms)
			RebuildTransferFunctionScriptingTraits (0ms)
			SetupTypeCache (1047ms)
			ReleaseScriptCaches (5ms)
			RebuildScriptCaches (309ms)
			SetupLoadedEditorAssemblies (2551ms)
				LogAssemblyErrors (0ms)
				InitializePlatformSupportModulesInManaged (33ms)
				SetLoadedEditorAssemblies (2ms)
				RefreshPlugins (6ms)
				BeforeProcessingInitializeOnLoad (525ms)
				ProcessInitializeOnLoadAttributes (1940ms)
				ProcessInitializeOnLoadMethodAttributes (17ms)
				AfterProcessingInitializeOnLoad (28ms)
				EditorAssembliesLoaded (0ms)
			ExecutionOrderSort2 (0ms)
			AwakeInstancesAfterBackupRestoration (35ms)
Platform modules already initialized, skipping
Refreshing native plugins compatible for Editor in 0.99 ms, found 4 plugins.
Preloading 0 native plugins for Editor in 0.00 ms.
Unloading 3820 Unused Serialized files (Serialized files now loaded: 0)
System memory in use before: 145.6 MB.
System memory in use after: 145.8 MB.

Unloading 19 unused Assets to reduce memory usage. Loaded Objects now: 4291.
Total: 5.166400 ms (FindLiveObjects: 0.359300 ms CreateObjectMapping: 0.328700 ms MarkObjects: 4.440200 ms  DeleteObjects: 0.036300 ms)

AssetImportParameters requested are different than current active one (requested -> active):
  custom:framework-win-MediaFoundation: 216162199b28c13a410421893ffa2e32 -> 
  custom:video-decoder-ogg-theora: a1e56fd34408186e4bbccfd4996cb3dc -> 
  custom:container-muxer-webm: aa71ff27fc2769a1b78a27578f13a17b -> 
  custom:container-demuxer-webm: 4f35f7cbe854078d1ac9338744f61a02 -> 
  custom:container-demuxer-ogg: 62fdf1f143b41e24485cea50d1cbac27 -> 
  custom:video-encoder-webm-vp8: eb34c28f22e8b96e1ab97ce403110664 -> 
  custom:video-decoder-webm-vp8: 9c59270c3fd7afecdb556c50c9e8de78 -> 
  custom:audio-decoder-ogg-vorbis: bf7c407c2cedff20999df2af8eb42d56 -> 
  custom:audio-encoder-webm-vorbis: bf7c407c2cedff20999df2af8eb42d56 -> 
========================================================================
Received Prepare
Registering precompiled user dll's ...
Registered in 0.039336 seconds.
Begin MonoManager ReloadAssembly
Symbol file LoadedFromMemory doesn't match image C:\Users\DELL\Desktop\UnityEngine\MoonlanderHamza\Library\PackageCache\com.unity.visualscripting@1.6.1\Editor\VisualScripting.Core\Dependencies\YamlDotNet\Unity.VisualScripting.YamlDotNet.dll
Symbol file LoadedFromMemory doesn't match image C:\Users\DELL\Desktop\UnityEngine\MoonlanderHamza\Library\PackageCache\com.unity.visualscripting@1.6.1\Editor\VisualScripting.Core\Dependencies\DotNetZip\Unity.VisualScripting.IonicZip.dll
Native extension for WindowsStandalone target not found
Refreshing native plugins compatible for Editor in 0.99 ms, found 4 plugins.
Preloading 0 native plugins for Editor in 0.00 ms.
Mono: successfully reloaded assembly
- Completed reload, in  2.324 seconds
Domain Reload Profiling:
	ReloadAssembly (2325ms)
		BeginReloadAssembly (251ms)
			ExecutionOrderSort (0ms)
			DisableScriptedObjects (14ms)
			BackupInstance (0ms)
			ReleaseScriptingObjects (0ms)
			CreateAndSetChildDomain (72ms)
		EndReloadAssembly (1945ms)
			LoadAssemblies (225ms)
			RebuildTransferFunctionScriptingTraits (0ms)
			SetupTypeCache (686ms)
			ReleaseScriptCaches (3ms)
			RebuildScriptCaches (106ms)
			SetupLoadedEditorAssemblies (739ms)
				LogAssemblyErrors (0ms)
				InitializePlatformSupportModulesInManaged (9ms)
				SetLoadedEditorAssemblies (1ms)
				RefreshPlugins (1ms)
				BeforeProcessingInitializeOnLoad (184ms)
				ProcessInitializeOnLoadAttributes (507ms)
				ProcessInitializeOnLoadMethodAttributes (17ms)
				AfterProcessingInitializeOnLoad (21ms)
				EditorAssembliesLoaded (0ms)
			ExecutionOrderSort2 (0ms)
			AwakeInstancesAfterBackupRestoration (19ms)
Platform modules already initialized, skipping
Refreshing native plugins compatible for Editor in 1.04 ms, found 4 plugins.
Preloading 0 native plugins for Editor in 0.00 ms.
Unloading 3820 Unused Serialized files (Serialized files now loaded: 0)
System memory in use before: 145.6 MB.
System memory in use after: 145.9 MB.

Unloading 19 unused Assets to reduce memory usage. Loaded Objects now: 4294.
Total: 5.532700 ms (FindLiveObjects: 0.310300 ms CreateObjectMapping: 0.212900 ms MarkObjects: 4.979400 ms  DeleteObjects: 0.028100 ms)

AssetImportParameters requested are different than current active one (requested -> active):
  custom:framework-win-MediaFoundation: 216162199b28c13a410421893ffa2e32 -> 
  custom:video-decoder-ogg-theora: a1e56fd34408186e4bbccfd4996cb3dc -> 
  custom:container-muxer-webm: aa71ff27fc2769a1b78a27578f13a17b -> 
  custom:container-demuxer-webm: 4f35f7cbe854078d1ac9338744f61a02 -> 
  custom:container-demuxer-ogg: 62fdf1f143b41e24485cea50d1cbac27 -> 
  custom:video-encoder-webm-vp8: eb34c28f22e8b96e1ab97ce403110664 -> 
  custom:video-decoder-webm-vp8: 9c59270c3fd7afecdb556c50c9e8de78 -> 
  custom:audio-decoder-ogg-vorbis: bf7c407c2cedff20999df2af8eb42d56 -> 
  custom:audio-encoder-webm-vorbis: bf7c407c2cedff20999df2af8eb42d56 -> 
========================================================================
Received Import Request.
  Time since last request: 325.357924 seconds.
  path: Assets/Resources/Audio/explosion.png
  artifactKey: Guid(d0958c4cba636214b812fda00ed5edb2) Importer(815301076,1909f56bfc062723c751e8b465ee728b)
Start importing Assets/Resources/Audio/explosion.png using Guid(d0958c4cba636214b812fda00ed5edb2) Importer(815301076,1909f56bfc062723c751e8b465ee728b)  -> (artifact id: '140cf2f216032e8f09c255b60c8a259e') in 0.218648 seconds 
========================================================================
Received Import Request.
  Time since last request: 41.704323 seconds.
  path: Assets/Resources/Sprites/explosion.png
  artifactKey: Guid(d0958c4cba636214b812fda00ed5edb2) Importer(815301076,1909f56bfc062723c751e8b465ee728b)
Start importing Assets/Resources/Sprites/explosion.png using Guid(d0958c4cba636214b812fda00ed5edb2) Importer(815301076,1909f56bfc062723c751e8b465ee728b)  -> (artifact id: '4137f1329e7e495f17fd148882aa7c7c') in 0.044175 seconds 
========================================================================
Received Import Request.
  Time since last request: 39.980850 seconds.
  path: Assets/Resources/Sprites/explosion.png
  artifactKey: Guid(d0958c4cba636214b812fda00ed5edb2) Importer(815301076,1909f56bfc062723c751e8b465ee728b)
Start importing Assets/Resources/Sprites/explosion.png using Guid(d0958c4cba636214b812fda00ed5edb2) Importer(815301076,1909f56bfc062723c751e8b465ee728b)  -> (artifact id: '0debf965906b367db6a05f77ea2cc515') in 0.056086 seconds 
========================================================================
Received Prepare
Registering precompiled user dll's ...
Registered in 0.016020 seconds.
Begin MonoManager ReloadAssembly
Symbol file LoadedFromMemory doesn't match image C:\Users\DELL\Desktop\UnityEngine\MoonlanderHamza\Library\PackageCache\com.unity.visualscripting@1.6.1\Editor\VisualScripting.Core\Dependencies\YamlDotNet\Unity.VisualScripting.YamlDotNet.dll
Symbol file LoadedFromMemory doesn't match image C:\Users\DELL\Desktop\UnityEngine\MoonlanderHamza\Library\PackageCache\com.unity.visualscripting@1.6.1\Editor\VisualScripting.Core\Dependencies\DotNetZip\Unity.VisualScripting.IonicZip.dll
Native extension for WindowsStandalone target not found
Refreshing native plugins compatible for Editor in 2.11 ms, found 4 plugins.
Preloading 0 native plugins for Editor in 0.00 ms.
Mono: successfully reloaded assembly
- Completed reload, in  5.052 seconds
Domain Reload Profiling:
	ReloadAssembly (5052ms)
		BeginReloadAssembly (429ms)
			ExecutionOrderSort (0ms)
			DisableScriptedObjects (16ms)
			BackupInstance (0ms)
			ReleaseScriptingObjects (0ms)
			CreateAndSetChildDomain (97ms)
		EndReloadAssembly (4431ms)
			LoadAssemblies (448ms)
			RebuildTransferFunctionScriptingTraits (0ms)
			SetupTypeCache (1127ms)
			ReleaseScriptCaches (3ms)
			RebuildScriptCaches (162ms)
			SetupLoadedEditorAssemblies (2390ms)
				LogAssemblyErrors (0ms)
				InitializePlatformSupportModulesInManaged (15ms)
				SetLoadedEditorAssemblies (1ms)
				RefreshPlugins (2ms)
				BeforeProcessingInitializeOnLoad (237ms)
				ProcessInitializeOnLoadAttributes (2088ms)
				ProcessInitializeOnLoadMethodAttributes (17ms)
				AfterProcessingInitializeOnLoad (29ms)
				EditorAssembliesLoaded (1ms)
			ExecutionOrderSort2 (0ms)
			AwakeInstancesAfterBackupRestoration (94ms)
Platform modules already initialized, skipping
Refreshing native plugins compatible for Editor in 0.97 ms, found 4 plugins.
Preloading 0 native plugins for Editor in 0.00 ms.
Unloading 3821 Unused Serialized files (Serialized files now loaded: 0)
System memory in use before: 147.5 MB.
System memory in use after: 147.7 MB.

Unloading 19 unused Assets to reduce memory usage. Loaded Objects now: 4345.
Total: 9.222700 ms (FindLiveObjects: 0.380800 ms CreateObjectMapping: 0.265000 ms MarkObjects: 8.474800 ms  DeleteObjects: 0.099000 ms)

AssetImportParameters requested are different than current active one (requested -> active):
  custom:framework-win-MediaFoundation: 216162199b28c13a410421893ffa2e32 -> 
  custom:video-decoder-ogg-theora: a1e56fd34408186e4bbccfd4996cb3dc -> 
  custom:container-muxer-webm: aa71ff27fc2769a1b78a27578f13a17b -> 
  custom:container-demuxer-webm: 4f35f7cbe854078d1ac9338744f61a02 -> 
  custom:container-demuxer-ogg: 62fdf1f143b41e24485cea50d1cbac27 -> 
  custom:video-encoder-webm-vp8: eb34c28f22e8b96e1ab97ce403110664 -> 
  custom:video-decoder-webm-vp8: 9c59270c3fd7afecdb556c50c9e8de78 -> 
  custom:audio-decoder-ogg-vorbis: bf7c407c2cedff20999df2af8eb42d56 -> 
  custom:audio-encoder-webm-vorbis: bf7c407c2cedff20999df2af8eb42d56 -> 
========================================================================
Received Prepare
Registering precompiled user dll's ...
Registered in 0.022230 seconds.
Begin MonoManager ReloadAssembly
Symbol file LoadedFromMemory doesn't match image C:\Users\DELL\Desktop\UnityEngine\MoonlanderHamza\Library\PackageCache\com.unity.visualscripting@1.6.1\Editor\VisualScripting.Core\Dependencies\YamlDotNet\Unity.VisualScripting.YamlDotNet.dll
Symbol file LoadedFromMemory doesn't match image C:\Users\DELL\Desktop\UnityEngine\MoonlanderHamza\Library\PackageCache\com.unity.visualscripting@1.6.1\Editor\VisualScripting.Core\Dependencies\DotNetZip\Unity.VisualScripting.IonicZip.dll
Native extension for WindowsStandalone target not found
Refreshing native plugins compatible for Editor in 2.56 ms, found 4 plugins.
Preloading 0 native plugins for Editor in 0.00 ms.
Mono: successfully reloaded assembly
- Completed reload, in  5.582 seconds
Domain Reload Profiling:
	ReloadAssembly (5583ms)
		BeginReloadAssembly (458ms)
			ExecutionOrderSort (0ms)
			DisableScriptedObjects (16ms)
			BackupInstance (0ms)
			ReleaseScriptingObjects (0ms)
			CreateAndSetChildDomain (142ms)
		EndReloadAssembly (4419ms)
			LoadAssemblies (635ms)
			RebuildTransferFunctionScriptingTraits (0ms)
			SetupTypeCache (1336ms)
			ReleaseScriptCaches (5ms)
			RebuildScriptCaches (207ms)
			SetupLoadedEditorAssemblies (811ms)
				LogAssemblyErrors (0ms)
				InitializePlatformSupportModulesInManaged (11ms)
				SetLoadedEditorAssemblies (1ms)
				RefreshPlugins (3ms)
				BeforeProcessingInitializeOnLoad (243ms)
				ProcessInitializeOnLoadAttributes (516ms)
				ProcessInitializeOnLoadMethodAttributes (17ms)
				AfterProcessingInitializeOnLoad (21ms)
				EditorAssembliesLoaded (0ms)
			ExecutionOrderSort2 (0ms)
			AwakeInstancesAfterBackupRestoration (27ms)
Platform modules already initialized, skipping
Refreshing native plugins compatible for Editor in 1.17 ms, found 4 plugins.
Preloading 0 native plugins for Editor in 0.00 ms.
Unloading 3820 Unused Serialized files (Serialized files now loaded: 0)
System memory in use before: 147.4 MB.
System memory in use after: 147.7 MB.

Unloading 19 unused Assets to reduce memory usage. Loaded Objects now: 4348.
Total: 5.146100 ms (FindLiveObjects: 0.318800 ms CreateObjectMapping: 0.219500 ms MarkObjects: 4.573400 ms  DeleteObjects: 0.032600 ms)

AssetImportParameters requested are different than current active one (requested -> active):
  custom:framework-win-MediaFoundation: 216162199b28c13a410421893ffa2e32 -> 
  custom:video-decoder-ogg-theora: a1e56fd34408186e4bbccfd4996cb3dc -> 
  custom:container-muxer-webm: aa71ff27fc2769a1b78a27578f13a17b -> 
  custom:container-demuxer-webm: 4f35f7cbe854078d1ac9338744f61a02 -> 
  custom:container-demuxer-ogg: 62fdf1f143b41e24485cea50d1cbac27 -> 
  custom:video-encoder-webm-vp8: eb34c28f22e8b96e1ab97ce403110664 -> 
  custom:video-decoder-webm-vp8: 9c59270c3fd7afecdb556c50c9e8de78 -> 
  custom:audio-decoder-ogg-vorbis: bf7c407c2cedff20999df2af8eb42d56 -> 
  custom:audio-encoder-webm-vorbis: bf7c407c2cedff20999df2af8eb42d56 -> 
========================================================================
Received Prepare
Registering precompiled user dll's ...
Registered in 0.014285 seconds.
Begin MonoManager ReloadAssembly
Symbol file LoadedFromMemory doesn't match image C:\Users\DELL\Desktop\UnityEngine\MoonlanderHamza\Library\PackageCache\com.unity.visualscripting@1.6.1\Editor\VisualScripting.Core\Dependencies\YamlDotNet\Unity.VisualScripting.YamlDotNet.dll
Symbol file LoadedFromMemory doesn't match image C:\Users\DELL\Desktop\UnityEngine\MoonlanderHamza\Library\PackageCache\com.unity.visualscripting@1.6.1\Editor\VisualScripting.Core\Dependencies\DotNetZip\Unity.VisualScripting.IonicZip.dll
Native extension for WindowsStandalone target not found
Refreshing native plugins compatible for Editor in 1.11 ms, found 4 plugins.
Preloading 0 native plugins for Editor in 0.00 ms.
Mono: successfully reloaded assembly
- Completed reload, in  5.152 seconds
Domain Reload Profiling:
	ReloadAssembly (5152ms)
		BeginReloadAssembly (363ms)
			ExecutionOrderSort (0ms)
			DisableScriptedObjects (16ms)
			BackupInstance (0ms)
			ReleaseScriptingObjects (0ms)
			CreateAndSetChildDomain (120ms)
		EndReloadAssembly (4553ms)
			LoadAssemblies (531ms)
			RebuildTransferFunctionScriptingTraits (0ms)
			SetupTypeCache (1045ms)
			ReleaseScriptCaches (2ms)
			RebuildScriptCaches (145ms)
			SetupLoadedEditorAssemblies (2556ms)
				LogAssemblyErrors (0ms)
				InitializePlatformSupportModulesInManaged (11ms)
				SetLoadedEditorAssemblies (1ms)
				RefreshPlugins (1ms)
				BeforeProcessingInitializeOnLoad (270ms)
				ProcessInitializeOnLoadAttributes (2232ms)
				ProcessInitializeOnLoadMethodAttributes (17ms)
				AfterProcessingInitializeOnLoad (24ms)
				EditorAssembliesLoaded (0ms)
			ExecutionOrderSort2 (0ms)
			AwakeInstancesAfterBackupRestoration (27ms)
Platform modules already initialized, skipping
Refreshing native plugins compatible for Editor in 1.01 ms, found 4 plugins.
Preloading 0 native plugins for Editor in 0.00 ms.
Unloading 3820 Unused Serialized files (Serialized files now loaded: 0)
System memory in use before: 147.4 MB.
System memory in use after: 147.7 MB.

Unloading 19 unused Assets to reduce memory usage. Loaded Objects now: 4351.
Total: 6.229800 ms (FindLiveObjects: 0.481100 ms CreateObjectMapping: 0.359400 ms MarkObjects: 5.349800 ms  DeleteObjects: 0.037600 ms)

AssetImportParameters requested are different than current active one (requested -> active):
  custom:framework-win-MediaFoundation: 216162199b28c13a410421893ffa2e32 -> 
  custom:video-decoder-ogg-theora: a1e56fd34408186e4bbccfd4996cb3dc -> 
  custom:container-muxer-webm: aa71ff27fc2769a1b78a27578f13a17b -> 
  custom:container-demuxer-webm: 4f35f7cbe854078d1ac9338744f61a02 -> 
  custom:container-demuxer-ogg: 62fdf1f143b41e24485cea50d1cbac27 -> 
  custom:video-encoder-webm-vp8: eb34c28f22e8b96e1ab97ce403110664 -> 
  custom:video-decoder-webm-vp8: 9c59270c3fd7afecdb556c50c9e8de78 -> 
  custom:audio-decoder-ogg-vorbis: bf7c407c2cedff20999df2af8eb42d56 -> 
  custom:audio-encoder-webm-vorbis: bf7c407c2cedff20999df2af8eb42d56 -> 
========================================================================
Received Prepare
Registering precompiled user dll's ...
Registered in 0.201971 seconds.
Begin MonoManager ReloadAssembly
Symbol file LoadedFromMemory doesn't match image C:\Users\DELL\Desktop\UnityEngine\MoonlanderHamza\Library\PackageCache\com.unity.visualscripting@1.6.1\Editor\VisualScripting.Core\Dependencies\YamlDotNet\Unity.VisualScripting.YamlDotNet.dll
Symbol file LoadedFromMemory doesn't match image C:\Users\DELL\Desktop\UnityEngine\MoonlanderHamza\Library\PackageCache\com.unity.visualscripting@1.6.1\Editor\VisualScripting.Core\Dependencies\DotNetZip\Unity.VisualScripting.IonicZip.dll
Native extension for WindowsStandalone target not found
Refreshing native plugins compatible for Editor in 2.50 ms, found 4 plugins.
Preloading 0 native plugins for Editor in 0.00 ms.
Mono: successfully reloaded assembly
- Completed reload, in  2.681 seconds
Domain Reload Profiling:
	ReloadAssembly (2682ms)
		BeginReloadAssembly (264ms)
			ExecutionOrderSort (0ms)
			DisableScriptedObjects (22ms)
			BackupInstance (0ms)
			ReleaseScriptingObjects (0ms)
			CreateAndSetChildDomain (65ms)
		EndReloadAssembly (2220ms)
			LoadAssemblies (238ms)
			RebuildTransferFunctionScriptingTraits (0ms)
			SetupTypeCache (688ms)
			ReleaseScriptCaches (2ms)
			RebuildScriptCaches (110ms)
			SetupLoadedEditorAssemblies (893ms)
				LogAssemblyErrors (0ms)
				InitializePlatformSupportModulesInManaged (19ms)
				SetLoadedEditorAssemblies (2ms)
				RefreshPlugins (3ms)
				BeforeProcessingInitializeOnLoad (233ms)
				ProcessInitializeOnLoadAttributes (597ms)
				ProcessInitializeOnLoadMethodAttributes (18ms)
				AfterProcessingInitializeOnLoad (21ms)
				EditorAssembliesLoaded (0ms)
			ExecutionOrderSort2 (0ms)
			AwakeInstancesAfterBackupRestoration (27ms)
Platform modules already initialized, skipping
Refreshing native plugins compatible for Editor in 1.14 ms, found 4 plugins.
Preloading 0 native plugins for Editor in 0.00 ms.
Unloading 3820 Unused Serialized files (Serialized files now loaded: 0)
System memory in use before: 147.5 MB.
System memory in use after: 147.7 MB.

Unloading 19 unused Assets to reduce memory usage. Loaded Objects now: 4354.
Total: 7.100500 ms (FindLiveObjects: 0.501500 ms CreateObjectMapping: 0.316300 ms MarkObjects: 6.230000 ms  DeleteObjects: 0.050500 ms)

AssetImportParameters requested are different than current active one (requested -> active):
  custom:framework-win-MediaFoundation: 216162199b28c13a410421893ffa2e32 -> 
  custom:video-decoder-ogg-theora: a1e56fd34408186e4bbccfd4996cb3dc -> 
  custom:container-muxer-webm: aa71ff27fc2769a1b78a27578f13a17b -> 
  custom:container-demuxer-webm: 4f35f7cbe854078d1ac9338744f61a02 -> 
  custom:container-demuxer-ogg: 62fdf1f143b41e24485cea50d1cbac27 -> 
  custom:video-encoder-webm-vp8: eb34c28f22e8b96e1ab97ce403110664 -> 
  custom:video-decoder-webm-vp8: 9c59270c3fd7afecdb556c50c9e8de78 -> 
  custom:audio-decoder-ogg-vorbis: bf7c407c2cedff20999df2af8eb42d56 -> 
  custom:audio-encoder-webm-vorbis: bf7c407c2cedff20999df2af8eb42d56 -> 
AssetImportWorkerClient::OnTransportError - code=2 error=End of file
