Using pre-set license
Built from '2021.1/staging' branch; Version is '2021.1.21f1 (f2d5d3c59f8c) revision 15914451'; Using compiler version '192528614'; Build Type 'Release'
OS: 'Windows 10 Home Single Language; OS build 19043.1320; Version 2009; 64bit' Language: 'en' Physical Memory: 16298 MB
BatchMode: 1, IsHumanControllingUs: 0, StartBugReporterOnCrash: 0, Is64bit: 1, IsPro: 0

COMMAND LINE ARGUMENTS:
C:\Program Files\Unity\Hub\Editor\2021.1.21f1\Editor\Unity.exe
-adb2
-batchMode
-noUpm
-name
AssetImportWorker0
-projectPath
C:/Users/DELL/Desktop/UnityEngine/MoonlanderHamza
-logFile
Logs/AssetImportWorker0.log
-srvPort
50927
Successfully changed project path to: C:/Users/DELL/Desktop/UnityEngine/MoonlanderHamza
C:/Users/DELL/Desktop/UnityEngine/MoonlanderHamza
Using Asset Import Pipeline V2.
Refreshing native plugins compatible for Editor in 182.08 ms, found 4 plugins.
Preloading 0 native plugins for Editor in 0.00 ms.
Initialize engine version: 2021.1.21f1 (f2d5d3c59f8c)
[Subsystems] Discovering subsystems at path C:/Program Files/Unity/Hub/Editor/2021.1.21f1/Editor/Data/Resources/UnitySubsystems
[Subsystems] Discovering subsystems at path C:/Users/DELL/Desktop/UnityEngine/MoonlanderHamza/Assets
GfxDevice: creating device client; threaded=0; jobified=0
Direct3D:
    Version:  Direct3D 11.0 [level 11.1]
    Renderer: AMD Radeon R7 M265 Series (ID=0x6604)
    Vendor:   ATI
    VRAM:     4076 MB
    Driver:   27.20.1034.6
Initialize mono
Mono path[0] = 'C:/Program Files/Unity/Hub/Editor/2021.1.21f1/Editor/Data/Managed'
Mono path[1] = 'C:/Program Files/Unity/Hub/Editor/2021.1.21f1/Editor/Data/MonoBleedingEdge/lib/mono/unityjit'
Mono config path = 'C:/Program Files/Unity/Hub/Editor/2021.1.21f1/Editor/Data/MonoBleedingEdge/etc'
Using monoOptions --debugger-agent=transport=dt_socket,embedding=1,server=y,suspend=n,address=127.0.0.1:56224
Begin MonoManager ReloadAssembly
Registering precompiled unity dll's ...
Register platform support module: C:/Program Files/Unity/Hub/Editor/2021.1.21f1/Editor/Data/PlaybackEngines/WindowsStandaloneSupport/UnityEditor.WindowsStandalone.Extensions.dll
Registered in 0.005737 seconds.
Native extension for WindowsStandalone target not found
Refreshing native plugins compatible for Editor in 179.70 ms, found 4 plugins.
Preloading 0 native plugins for Editor in 0.00 ms.
Mono: successfully reloaded assembly
- Completed reload, in  3.283 seconds
Domain Reload Profiling:
	ReloadAssembly (3284ms)
		BeginReloadAssembly (135ms)
			ExecutionOrderSort (0ms)
			DisableScriptedObjects (0ms)
			BackupInstance (0ms)
			ReleaseScriptingObjects (0ms)
			CreateAndSetChildDomain (1ms)
		EndReloadAssembly (815ms)
			LoadAssemblies (128ms)
			RebuildTransferFunctionScriptingTraits (0ms)
			SetupTypeCache (274ms)
			ReleaseScriptCaches (0ms)
			RebuildScriptCaches (51ms)
			SetupLoadedEditorAssemblies (406ms)
				LogAssemblyErrors (0ms)
				InitializePlatformSupportModulesInManaged (10ms)
				SetLoadedEditorAssemblies (0ms)
				RefreshPlugins (180ms)
				BeforeProcessingInitializeOnLoad (2ms)
				ProcessInitializeOnLoadAttributes (163ms)
				ProcessInitializeOnLoadMethodAttributes (50ms)
				AfterProcessingInitializeOnLoad (0ms)
				EditorAssembliesLoaded (0ms)
			ExecutionOrderSort2 (0ms)
			AwakeInstancesAfterBackupRestoration (0ms)
Platform modules already initialized, skipping
Registering precompiled user dll's ...
Registered in 0.013015 seconds.
Begin MonoManager ReloadAssembly
Symbol file LoadedFromMemory doesn't match image C:\Users\DELL\Desktop\UnityEngine\MoonlanderHamza\Library\PackageCache\com.unity.visualscripting@1.6.1\Editor\VisualScripting.Core\Dependencies\YamlDotNet\Unity.VisualScripting.YamlDotNet.dll
Symbol file LoadedFromMemory doesn't match image C:\Users\DELL\Desktop\UnityEngine\MoonlanderHamza\Library\PackageCache\com.unity.visualscripting@1.6.1\Editor\VisualScripting.Core\Dependencies\DotNetZip\Unity.VisualScripting.IonicZip.dll
Native extension for WindowsStandalone target not found
Refreshing native plugins compatible for Editor in 173.47 ms, found 4 plugins.
Preloading 0 native plugins for Editor in 0.00 ms.
Mono: successfully reloaded assembly
- Completed reload, in  2.385 seconds
Domain Reload Profiling:
	ReloadAssembly (2385ms)
		BeginReloadAssembly (296ms)
			ExecutionOrderSort (0ms)
			DisableScriptedObjects (7ms)
			BackupInstance (0ms)
			ReleaseScriptingObjects (0ms)
			CreateAndSetChildDomain (31ms)
		EndReloadAssembly (1959ms)
			LoadAssemblies (208ms)
			RebuildTransferFunctionScriptingTraits (0ms)
			SetupTypeCache (689ms)
			ReleaseScriptCaches (1ms)
			RebuildScriptCaches (87ms)
			SetupLoadedEditorAssemblies (830ms)
				LogAssemblyErrors (0ms)
				InitializePlatformSupportModulesInManaged (6ms)
				SetLoadedEditorAssemblies (0ms)
				RefreshPlugins (174ms)
				BeforeProcessingInitializeOnLoad (173ms)
				ProcessInitializeOnLoadAttributes (418ms)
				ProcessInitializeOnLoadMethodAttributes (35ms)
				AfterProcessingInitializeOnLoad (23ms)
				EditorAssembliesLoaded (0ms)
			ExecutionOrderSort2 (0ms)
			AwakeInstancesAfterBackupRestoration (12ms)
Platform modules already initialized, skipping
========================================================================
Worker process is ready to serve import requests
Launched and connected shader compiler UnityShaderCompiler.exe after 0.08 seconds
Refreshing native plugins compatible for Editor in 0.87 ms, found 4 plugins.
Preloading 0 native plugins for Editor in 0.00 ms.
Unloading 3676 Unused Serialized files (Serialized files now loaded: 0)
System memory in use before: 136.2 MB.
System memory in use after: 136.5 MB.

Unloading 30 unused Assets to reduce memory usage. Loaded Objects now: 4126.
Total: 5.007600 ms (FindLiveObjects: 0.298900 ms CreateObjectMapping: 0.207100 ms MarkObjects: 4.414400 ms  DeleteObjects: 0.085600 ms)

AssetImportParameters requested are different than current active one (requested -> active):
  custom:framework-win-MediaFoundation: 216162199b28c13a410421893ffa2e32 -> 
  custom:video-decoder-ogg-theora: a1e56fd34408186e4bbccfd4996cb3dc -> 
  custom:container-muxer-webm: aa71ff27fc2769a1b78a27578f13a17b -> 
  custom:container-demuxer-webm: 4f35f7cbe854078d1ac9338744f61a02 -> 
  custom:container-demuxer-ogg: 62fdf1f143b41e24485cea50d1cbac27 -> 
  custom:video-encoder-webm-vp8: eb34c28f22e8b96e1ab97ce403110664 -> 
  custom:video-decoder-webm-vp8: 9c59270c3fd7afecdb556c50c9e8de78 -> 
  custom:audio-decoder-ogg-vorbis: bf7c407c2cedff20999df2af8eb42d56 -> 
  custom:audio-encoder-webm-vorbis: bf7c407c2cedff20999df2af8eb42d56 -> 
========================================================================
Received Import Request.
  path: Assets/Resources/Sprites/Rocket.png
  artifactKey: Guid(e950441ee87460645adc170f98b8b66c) Importer(815301076,1909f56bfc062723c751e8b465ee728b)
Start importing Assets/Resources/Sprites/Rocket.png using Guid(e950441ee87460645adc170f98b8b66c) Importer(815301076,1909f56bfc062723c751e8b465ee728b)  -> (artifact id: '480a84012f6c4f14170314cdf141a4f5') in 0.338099 seconds 
========================================================================
Received Import Request.
  Time since last request: 120.952066 seconds.
  path: Assets/Resources/Textures/MicrosoftTeams-image.png
  artifactKey: Guid(53ea87a496e672847b2aaf1c3783bb31) Importer(815301076,1909f56bfc062723c751e8b465ee728b)
Start importing Assets/Resources/Textures/MicrosoftTeams-image.png using Guid(53ea87a496e672847b2aaf1c3783bb31) Importer(815301076,1909f56bfc062723c751e8b465ee728b)  -> (artifact id: '336fbe9338d8c3061b6625675b58edc6') in 0.033381 seconds 
========================================================================
Received Import Request.
  Time since last request: 1253.479010 seconds.
  path: Assets/Resources/Sprites/Rocket.jpg
  artifactKey: Guid(685fefd10da2cca4d9145d94eb5b0aa2) Importer(815301076,1909f56bfc062723c751e8b465ee728b)
Start importing Assets/Resources/Sprites/Rocket.jpg using Guid(685fefd10da2cca4d9145d94eb5b0aa2) Importer(815301076,1909f56bfc062723c751e8b465ee728b)  -> (artifact id: '4ec1268d18845b02fd6b6dbe8d0f5f02') in 0.039343 seconds 
========================================================================
Received Import Request.
  Time since last request: 428.471540 seconds.
  path: Assets/Resources/Sprites/Rocket.jpg
  artifactKey: Guid(685fefd10da2cca4d9145d94eb5b0aa2) Importer(815301076,1909f56bfc062723c751e8b465ee728b)
Start importing Assets/Resources/Sprites/Rocket.jpg using Guid(685fefd10da2cca4d9145d94eb5b0aa2) Importer(815301076,1909f56bfc062723c751e8b465ee728b)  -> (artifact id: '9b1a2be22995ab9626a1a5d3424dd993') in 0.042474 seconds 
========================================================================
Received Import Request.
  Time since last request: 1034.023737 seconds.
  path: Assets/Resources/Sprites/Rocket.png
  artifactKey: Guid(e950441ee87460645adc170f98b8b66c) Importer(815301076,1909f56bfc062723c751e8b465ee728b)
Start importing Assets/Resources/Sprites/Rocket.png using Guid(e950441ee87460645adc170f98b8b66c) Importer(815301076,1909f56bfc062723c751e8b465ee728b)  -> (artifact id: '738956c6c7690688a73450d70b011e76') in 0.111219 seconds 
========================================================================
Received Import Request.
  Time since last request: 183.121221 seconds.
  path: Assets/Resources/Sprites/MicrosoftTeams-image (1).png
  artifactKey: Guid(2d25aed3b90d11a4681cb4460b60be3f) Importer(815301076,1909f56bfc062723c751e8b465ee728b)
Start importing Assets/Resources/Sprites/MicrosoftTeams-image (1).png using Guid(2d25aed3b90d11a4681cb4460b60be3f) Importer(815301076,1909f56bfc062723c751e8b465ee728b)  -> (artifact id: 'fa0ef40d2fca76f529d2e356222caba9') in 0.032352 seconds 
========================================================================
Received Import Request.
  Time since last request: 15.036739 seconds.
  path: Assets/Resources/Sprites/MicrosoftTeams-image (1).png
  artifactKey: Guid(2d25aed3b90d11a4681cb4460b60be3f) Importer(815301076,1909f56bfc062723c751e8b465ee728b)
Start importing Assets/Resources/Sprites/MicrosoftTeams-image (1).png using Guid(2d25aed3b90d11a4681cb4460b60be3f) Importer(815301076,1909f56bfc062723c751e8b465ee728b)  -> (artifact id: '41188d4273a71dbd462e5071fbd46f47') in 0.021613 seconds 
========================================================================
Received Import Request.
  Time since last request: 56.734516 seconds.
  path: Assets/Resources/Sprites/MicrosoftTeams-image (1).png
  artifactKey: Guid(2d25aed3b90d11a4681cb4460b60be3f) Importer(815301076,1909f56bfc062723c751e8b465ee728b)
Start importing Assets/Resources/Sprites/MicrosoftTeams-image (1).png using Guid(2d25aed3b90d11a4681cb4460b60be3f) Importer(815301076,1909f56bfc062723c751e8b465ee728b)  -> (artifact id: '17f8040fac93ea5d270df201c525c8de') in 0.922046 seconds 
========================================================================
Received Import Request.
  Time since last request: 388.651660 seconds.
  path: Assets/Resources/Pallete/Tiles/MicrosoftTeams-image (1)_0.asset
  artifactKey: Guid(79b033597a0161a468a3aa06235eca86) Importer(815301076,1909f56bfc062723c751e8b465ee728b)
Start importing Assets/Resources/Pallete/Tiles/MicrosoftTeams-image (1)_0.asset using Guid(79b033597a0161a468a3aa06235eca86) Importer(815301076,1909f56bfc062723c751e8b465ee728b)  -> (artifact id: '54ac1a75b0ec572cc56ee8ab510bbde2') in 0.044810 seconds 
========================================================================
Received Import Request.
  Time since last request: 0.000610 seconds.
  path: Assets/Resources/Pallete/Tiles/MicrosoftTeams-image (1)_3.asset
  artifactKey: Guid(b93a47f5385309a42b0922764e19ed98) Importer(815301076,1909f56bfc062723c751e8b465ee728b)
Start importing Assets/Resources/Pallete/Tiles/MicrosoftTeams-image (1)_3.asset using Guid(b93a47f5385309a42b0922764e19ed98) Importer(815301076,1909f56bfc062723c751e8b465ee728b)  -> (artifact id: 'f1e5442dbe811df3d8528701606d6fc6') in 0.026119 seconds 
========================================================================
Received Import Request.
  Time since last request: 0.000650 seconds.
  path: Assets/Resources/Pallete/Tiles/MicrosoftTeams-image (1)_4.asset
  artifactKey: Guid(da97fe9bf2a42ce4ca82471697d1a0eb) Importer(815301076,1909f56bfc062723c751e8b465ee728b)
Start importing Assets/Resources/Pallete/Tiles/MicrosoftTeams-image (1)_4.asset using Guid(da97fe9bf2a42ce4ca82471697d1a0eb) Importer(815301076,1909f56bfc062723c751e8b465ee728b)  -> (artifact id: '0b59a5633aade62b7947fcad021e6283') in 0.022968 seconds 
========================================================================
Received Import Request.
  Time since last request: 0.001084 seconds.
  path: Assets/Resources/Pallete/Tiles/MicrosoftTeams-image (1)_2.asset
  artifactKey: Guid(7837b5e3144059247ae19b4229a5d58c) Importer(815301076,1909f56bfc062723c751e8b465ee728b)
Start importing Assets/Resources/Pallete/Tiles/MicrosoftTeams-image (1)_2.asset using Guid(7837b5e3144059247ae19b4229a5d58c) Importer(815301076,1909f56bfc062723c751e8b465ee728b)  -> (artifact id: '0283d94d55c573971ac005ee02a49e7b') in 0.020648 seconds 
========================================================================
Received Import Request.
  Time since last request: 0.000640 seconds.
  path: Assets/Resources/Pallete/Tiles/MicrosoftTeams-image (1)_1.asset
  artifactKey: Guid(e0341b32720dd544b9730544b95c647d) Importer(815301076,1909f56bfc062723c751e8b465ee728b)
Start importing Assets/Resources/Pallete/Tiles/MicrosoftTeams-image (1)_1.asset using Guid(e0341b32720dd544b9730544b95c647d) Importer(815301076,1909f56bfc062723c751e8b465ee728b)  -> (artifact id: '579ae765557b20c18dc11eac5d199d1f') in 0.021911 seconds 
========================================================================
Received Import Request.
  Time since last request: 0.000609 seconds.
  path: Assets/Resources/Pallete/Tiles/MicrosoftTeams-image (1)_5.asset
  artifactKey: Guid(f0123309ba1a6d74a8c2b90651b7dde0) Importer(815301076,1909f56bfc062723c751e8b465ee728b)
Start importing Assets/Resources/Pallete/Tiles/MicrosoftTeams-image (1)_5.asset using Guid(f0123309ba1a6d74a8c2b90651b7dde0) Importer(815301076,1909f56bfc062723c751e8b465ee728b)  -> (artifact id: 'f7f7b32b0fdf8c4851edde7db00f24d1') in 0.021920 seconds 
========================================================================
Received Import Request.
  Time since last request: 78.893225 seconds.
  path: Assets/Resources/Palette
  artifactKey: Guid(240552521437a7a49a213a683b5e37f3) Importer(815301076,1909f56bfc062723c751e8b465ee728b)
Start importing Assets/Resources/Palette using Guid(240552521437a7a49a213a683b5e37f3) Importer(815301076,1909f56bfc062723c751e8b465ee728b)  -> (artifact id: '642179d2bb87aad47cfd60a817079000') in 0.010878 seconds 
========================================================================
Received Import Request.
  Time since last request: 123.966162 seconds.
  path: Assets/Resources/Palettes/Tiles/CaveTiles/MicrosoftTeams-image (1)_0.asset
  artifactKey: Guid(6e12a4f9b47966e40bb261482610f9ac) Importer(815301076,1909f56bfc062723c751e8b465ee728b)
Start importing Assets/Resources/Palettes/Tiles/CaveTiles/MicrosoftTeams-image (1)_0.asset using Guid(6e12a4f9b47966e40bb261482610f9ac) Importer(815301076,1909f56bfc062723c751e8b465ee728b)  -> (artifact id: 'b9b190937dda0a37c81fc43f0dd74c22') in 0.017587 seconds 
========================================================================
Received Import Request.
  Time since last request: 0.000668 seconds.
  path: Assets/Resources/Palettes/Tiles/CaveTiles/MicrosoftTeams-image (1)_4.asset
  artifactKey: Guid(7cec9c8df11175f41bf3e48716924e1a) Importer(815301076,1909f56bfc062723c751e8b465ee728b)
Start importing Assets/Resources/Palettes/Tiles/CaveTiles/MicrosoftTeams-image (1)_4.asset using Guid(7cec9c8df11175f41bf3e48716924e1a) Importer(815301076,1909f56bfc062723c751e8b465ee728b)  -> (artifact id: 'a971e1a6065c4ab443bd599feb82eba1') in 0.026634 seconds 
========================================================================
Received Import Request.
  Time since last request: 0.000325 seconds.
  path: Assets/Resources/Palettes/Tiles/CaveTiles/MicrosoftTeams-image (1)_3.asset
  artifactKey: Guid(aa26c64283894a348aa4e9ffa235de3d) Importer(815301076,1909f56bfc062723c751e8b465ee728b)
Start importing Assets/Resources/Palettes/Tiles/CaveTiles/MicrosoftTeams-image (1)_3.asset using Guid(aa26c64283894a348aa4e9ffa235de3d) Importer(815301076,1909f56bfc062723c751e8b465ee728b)  -> (artifact id: 'acab459a5eb8bfb885b91dec0a505b15') in 0.025122 seconds 
========================================================================
Received Import Request.
  Time since last request: 0.000982 seconds.
  path: Assets/Resources/Palettes/Tiles/CaveTiles/MicrosoftTeams-image (1)_2.asset
  artifactKey: Guid(3cd2505b02c48a649beb640871c1dc15) Importer(815301076,1909f56bfc062723c751e8b465ee728b)
Start importing Assets/Resources/Palettes/Tiles/CaveTiles/MicrosoftTeams-image (1)_2.asset using Guid(3cd2505b02c48a649beb640871c1dc15) Importer(815301076,1909f56bfc062723c751e8b465ee728b)  -> (artifact id: '1961ab79d6e1d8affcff7b8d0c7a9d96') in 0.021527 seconds 
========================================================================
Received Import Request.
  Time since last request: 0.000756 seconds.
  path: Assets/Resources/Palettes/Tiles/CaveTiles/MicrosoftTeams-image (1)_1.asset
  artifactKey: Guid(140f972428a4c594b9f308109b6145dd) Importer(815301076,1909f56bfc062723c751e8b465ee728b)
Start importing Assets/Resources/Palettes/Tiles/CaveTiles/MicrosoftTeams-image (1)_1.asset using Guid(140f972428a4c594b9f308109b6145dd) Importer(815301076,1909f56bfc062723c751e8b465ee728b)  -> (artifact id: '0e7f1cc5d097f06c5edf988a8d8b44ea') in 0.021956 seconds 
========================================================================
Received Import Request.
  Time since last request: 0.000926 seconds.
  path: Assets/Resources/Palettes/Tiles/CaveTiles/MicrosoftTeams-image (1)_5.asset
  artifactKey: Guid(04efd5f8d5848814cb827bb6de78dc06) Importer(815301076,1909f56bfc062723c751e8b465ee728b)
Start importing Assets/Resources/Palettes/Tiles/CaveTiles/MicrosoftTeams-image (1)_5.asset using Guid(04efd5f8d5848814cb827bb6de78dc06) Importer(815301076,1909f56bfc062723c751e8b465ee728b)  -> (artifact id: '3e0f20addcbc3a9b9f86b3c65d76b4a2') in 0.021227 seconds 
========================================================================
Received Import Request.
  Time since last request: 32.471732 seconds.
  path: Assets/Resources/Palettes/CavePalette.prefab
  artifactKey: Guid(df0a5d6b4542fcf4fb81a9044785b63e) Importer(815301076,1909f56bfc062723c751e8b465ee728b)
Start importing Assets/Resources/Palettes/CavePalette.prefab using Guid(df0a5d6b4542fcf4fb81a9044785b63e) Importer(815301076,1909f56bfc062723c751e8b465ee728b)  -> (artifact id: '93dd7301481b307d57c156d39f2f440e') in 0.306399 seconds 
========================================================================
Received Import Request.
  Time since last request: 231.024209 seconds.
  path: Assets/Resources/Sprites/MicrosoftTeams-image (1).png
  artifactKey: Guid(2d25aed3b90d11a4681cb4460b60be3f) Importer(815301076,1909f56bfc062723c751e8b465ee728b)
Start importing Assets/Resources/Sprites/MicrosoftTeams-image (1).png using Guid(2d25aed3b90d11a4681cb4460b60be3f) Importer(815301076,1909f56bfc062723c751e8b465ee728b)  -> (artifact id: '21de8fb29d73e90e80ceb887d13cb1a0') in 1.556310 seconds 
========================================================================
Received Import Request.
  Time since last request: 1104.368610 seconds.
  path: ProjectSettings/TagManager.asset
  artifactKey: Guid(00000000000000003000000000000000) Importer(815301076,1909f56bfc062723c751e8b465ee728b)
Start importing ProjectSettings/TagManager.asset using Guid(00000000000000003000000000000000) Importer(815301076,1909f56bfc062723c751e8b465ee728b)  -> (artifact id: '2fddea6c81ff1bec1e2592361e1ead30') in 0.012781 seconds 
AssetImportWorkerClient::OnTransportError - code=2 error=End of file
